e:\lbp_gabor\facer2\win32\debug\vc120.pdb
e:\lbp_gabor\facer2\win32\debug\stu.obj
e:\lbp_gabor\facer2\win32\debug\mainwindow.obj
e:\lbp_gabor\facer2\win32\debug\main.obj
e:\lbp_gabor\facer2\win32\debug\logindlg.obj
e:\lbp_gabor\facer2\win32\debug\moc_stu.obj
e:\lbp_gabor\facer2\win32\debug\moc_mainwindow.obj
e:\lbp_gabor\facer2\win32\debug\moc_logindlg.obj
e:\lbp_gabor\facer2\debug\moc_stu.cpp
e:\lbp_gabor\facer2\generatedfiles\ui_logindlg.h
e:\lbp_gabor\facer2\generatedfiles\ui_mainwindow.h
e:\lbp_gabor\facer2\generatedfiles\ui_stu.h
e:\lbp_gabor\facer2\debug\moc_logindlg.cpp
e:\lbp_gabor\facer2\debug\moc_mainwindow.cpp
e:\lbp_gabor\facer2\debug\moc_predefs.h
e:\lbp_gabor\facer2\debug\facer2.lib
e:\lbp_gabor\facer2\debug\facer2.exp
e:\lbp_gabor\facer2\debug\facer2.ilk
e:\lbp_gabor\facer2\debug\facer2.exe
e:\lbp_gabor\facer2\debug\facer2.pdb
e:\lbp_gabor\facer2\win32\debug\facer2.tlog\cl.command.1.tlog
e:\lbp_gabor\facer2\win32\debug\facer2.tlog\cl.read.1.tlog
e:\lbp_gabor\facer2\win32\debug\facer2.tlog\cl.write.1.tlog
e:\lbp_gabor\facer2\win32\debug\facer2.tlog\custombuild.command.1.tlog
e:\lbp_gabor\facer2\win32\debug\facer2.tlog\custombuild.read.1.tlog
e:\lbp_gabor\facer2\win32\debug\facer2.tlog\custombuild.write.1.tlog
e:\lbp_gabor\facer2\win32\debug\facer2.tlog\facer2.write.1u.tlog
e:\lbp_gabor\facer2\win32\debug\facer2.tlog\link.command.1.tlog
e:\lbp_gabor\facer2\win32\debug\facer2.tlog\link.read.1.tlog
e:\lbp_gabor\facer2\win32\debug\facer2.tlog\link.write.1.tlog
