e:\lbp_gabor\lbp\debug\vc120.pdb
e:\lbp_gabor\lbp\debug\vc120.idb
e:\lbp_gabor\lbp\debug\1.obj
e:\lbp_gabor\lbp\debug\facemngr.obj
e:\lbp_gabor\lbp\debug\fld.obj
e:\lbp_gabor\lbp\debug\gabor.obj
e:\lbp_gabor\lbp\debug\gsf.obj
e:\lbp_gabor\lbp\debug\lightprep.obj
e:\lbp_gabor\lbp\debug\subspace.obj
e:\lbp_gabor\debug\lbp.lib
e:\lbp_gabor\debug\lbp.exp
e:\lbp_gabor\debug\lbp.ilk
e:\lbp_gabor\debug\lbp.dll
e:\lbp_gabor\debug\lbp.pdb
e:\lbp_gabor\lbp\debug\lbp.tlog\cl.command.1.tlog
e:\lbp_gabor\lbp\debug\lbp.tlog\cl.read.1.tlog
e:\lbp_gabor\lbp\debug\lbp.tlog\cl.write.1.tlog
e:\lbp_gabor\lbp\debug\lbp.tlog\lbp.write.1u.tlog
e:\lbp_gabor\lbp\debug\lbp.tlog\link.command.1.tlog
e:\lbp_gabor\lbp\debug\lbp.tlog\link.read.1.tlog
e:\lbp_gabor\lbp\debug\lbp.tlog\link.write.1.tlog
